appmap/build/intermediates/manifest_merge_blame_file/debug/processDebugMainManifest/manifest-merger-blame-debug-report.txt
1<?xml version="1.0" encoding="utf-8"?>
2<manifest xmlns:android="http://schemas.android.com/apk/res/android"
3    package="com.example.myapplication.map"
4    android:versionCode="1"
5    android:versionName="1.0" >
6
7    <uses-sdk
8        android:minSdkVersion="24"
9        android:targetSdkVersion="36" />
10
11    <uses-permission android:name="android.permission.INTERNET" />
11-->src\main\AndroidManifest.xml:4:5-67
11-->src\main\AndroidManifest.xml:4:22-64
12    <uses-permission android:name="android.permission.ACCESS_NETWORK_STATE" />
12-->src\main\AndroidManifest.xml:5:5-79
12-->src\main\AndroidManifest.xml:5:22-76
13    <uses-permission android:name="android.permission.ACCESS_COARSE_LOCATION" />
13-->src\main\AndroidManifest.xml:7:5-81
13-->src\main\AndroidManifest.xml:7:22-78
14    <uses-permission android:name="android.permission.ACCESS_FINE_LOCATION" />
14-->src\main\AndroidManifest.xml:8:5-79
14-->src\main\AndroidManifest.xml:8:22-76
15
16    <permission
16-->[androidx.core:core:1.17.0] AndroidManifest.xml:22:5-24:47
17        android:name="com.example.myapplication.map.DYNAMIC_RECEIVER_NOT_EXPORTED_PERMISSION"
17-->[androidx.core:core:1.17.0] AndroidManifest.xml:23:9-81
18        android:protectionLevel="signature" />
18-->[androidx.core:core:1.17.0] AndroidManifest.xml:24:9-44
19
20    <uses-permission android:name="com.example.myapplication.map.DYNAMIC_RECEIVER_NOT_EXPORTED_PERMISSION" />
20-->[androidx.core:core:1.17.0] AndroidManifest.xml:26:5-97
20-->[androidx.core:core:1.17.0] AndroidManifest.xml:26:22-94
21
22    <supports-screens
22-->[org.osmdroid:osmdroid-android:6.1.18] AndroidManifest.xml:9:5-12:40
23        android:anyDensity="true"
23-->[org.osmdroid:osmdroid-android:6.1.18] AndroidManifest.xml:10:9-34
24        android:largeScreens="true"
24-->[org.osmdroid:osmdroid-android:6.1.18] AndroidManifest.xml:11:9-36
25        android:normalScreens="true" />
25-->[org.osmdroid:osmdroid-android:6.1.18] AndroidManifest.xml:12:9-37
26
27    <uses-feature
27-->[org.osmdroid:osmdroid-android:6.1.18] AndroidManifest.xml:14:5-16:36
28        android:name="android.hardware.location.network"
28-->[org.osmdroid:osmdroid-android:6.1.18] AndroidManifest.xml:15:9-57
29        android:required="false" />
29-->[org.osmdroid:osmdroid-android:6.1.18] AndroidManifest.xml:16:9-33
30    <uses-feature
30-->[org.osmdroid:osmdroid-android:6.1.18] AndroidManifest.xml:17:5-19:36
31        android:name="android.hardware.location.gps"
31-->[org.osmdroid:osmdroid-android:6.1.18] AndroidManifest.xml:18:9-53
32        android:required="false" />
32-->[org.osmdroid:osmdroid-android:6.1.18] AndroidManifest.xml:19:9-33
33    <uses-feature
33-->[org.osmdroid:osmdroid-android:6.1.18] AndroidManifest.xml:20:5-22:36
34        android:name="android.hardware.telephony"
34-->[org.osmdroid:osmdroid-android:6.1.18] AndroidManifest.xml:21:9-50
35        android:required="false" />
35-->[org.osmdroid:osmdroid-android:6.1.18] AndroidManifest.xml:22:9-33
36    <uses-feature
36-->[org.osmdroid:osmdroid-android:6.1.18] AndroidManifest.xml:23:5-25:36
37        android:name="android.hardware.wifi"
37-->[org.osmdroid:osmdroid-android:6.1.18] AndroidManifest.xml:24:9-45
38        android:required="false" />
38-->[org.osmdroid:osmdroid-android:6.1.18] AndroidManifest.xml:25:9-33
39
40    <application
40-->src\main\AndroidManifest.xml:10:5-24:19
41        android:allowBackup="true"
41-->src\main\AndroidManifest.xml:11:9-35
42        android:appComponentFactory="androidx.core.app.CoreComponentFactory"
42-->[androidx.core:core:1.17.0] AndroidManifest.xml:28:18-86
43        android:debuggable="true"
44        android:extractNativeLibs="false"
45        android:label="@string/app_name"
45-->src\main\AndroidManifest.xml:12:9-41
46        android:theme="@style/Theme.MyApplication" >
46-->src\main\AndroidManifest.xml:13:9-51
47        <activity
47-->src\main\AndroidManifest.xml:15:9-22:20
48            android:name="com.example.myapplication.map.MapActivity"
48-->src\main\AndroidManifest.xml:16:13-40
49            android:exported="true" >
49-->src\main\AndroidManifest.xml:17:13-36
50            <intent-filter>
50-->src\main\AndroidManifest.xml:18:13-21:29
51                <action android:name="android.intent.action.MAIN" />
51-->src\main\AndroidManifest.xml:19:17-69
51-->src\main\AndroidManifest.xml:19:25-66
52
53                <category android:name="android.intent.category.LAUNCHER" />
53-->src\main\AndroidManifest.xml:20:17-77
53-->src\main\AndroidManifest.xml:20:27-74
54            </intent-filter>
55        </activity>
56        <activity
56-->[com.google.android.gms:play-services-base:18.5.0] AndroidManifest.xml:5:9-173
57            android:name="com.google.android.gms.common.api.GoogleApiActivity"
57-->[com.google.android.gms:play-services-base:18.5.0] AndroidManifest.xml:5:19-85
58            android:exported="false"
58-->[com.google.android.gms:play-services-base:18.5.0] AndroidManifest.xml:5:146-170
59            android:theme="@android:style/Theme.Translucent.NoTitleBar" />
59-->[com.google.android.gms:play-services-base:18.5.0] AndroidManifest.xml:5:86-145
60
61        <meta-data
61-->[com.google.android.gms:play-services-basement:18.4.0] AndroidManifest.xml:6:9-122
62            android:name="com.google.android.gms.version"
62-->[com.google.android.gms:play-services-basement:18.4.0] AndroidManifest.xml:6:20-65
63            android:value="@integer/google_play_services_version" />
63-->[com.google.android.gms:play-services-basement:18.4.0] AndroidManifest.xml:6:66-119
64
65        <activity
65-->[androidx.compose.ui:ui-tooling-android:1.9.2] AndroidManifest.xml:23:9-25:39
66            android:name="androidx.compose.ui.tooling.PreviewActivity"
66-->[androidx.compose.ui:ui-tooling-android:1.9.2] AndroidManifest.xml:24:13-71
67            android:exported="true" />
67-->[androidx.compose.ui:ui-tooling-android:1.9.2] AndroidManifest.xml:25:13-36
68        <activity
68-->[androidx.compose.ui:ui-test-manifest:1.9.2] AndroidManifest.xml:23:9-26:79
69            android:name="androidx.activity.ComponentActivity"
69-->[androidx.compose.ui:ui-test-manifest:1.9.2] AndroidManifest.xml:24:13-63
70            android:exported="true"
70-->[androidx.compose.ui:ui-test-manifest:1.9.2] AndroidManifest.xml:25:13-36
71            android:theme="@android:style/Theme.Material.Light.NoActionBar" />
71-->[androidx.compose.ui:ui-test-manifest:1.9.2] AndroidManifest.xml:26:13-76
72
73        <provider
73-->[androidx.emoji2:emoji2:1.4.0] AndroidManifest.xml:24:9-32:20
74            android:name="androidx.startup.InitializationProvider"
74-->[androidx.emoji2:emoji2:1.4.0] AndroidManifest.xml:25:13-67
75            android:authorities="com.example.myapplication.map.androidx-startup"
75-->[androidx.emoji2:emoji2:1.4.0] AndroidManifest.xml:26:13-68
76            android:exported="false" >
76-->[androidx.emoji2:emoji2:1.4.0] AndroidManifest.xml:27:13-37
77            <meta-data
77-->[androidx.emoji2:emoji2:1.4.0] AndroidManifest.xml:29:13-31:52
78                android:name="androidx.emoji2.text.EmojiCompatInitializer"
78-->[androidx.emoji2:emoji2:1.4.0] AndroidManifest.xml:30:17-75
79                android:value="androidx.startup" />
79-->[androidx.emoji2:emoji2:1.4.0] AndroidManifest.xml:31:17-49
80            <meta-data
80-->[androidx.lifecycle:lifecycle-process:2.10.0] AndroidManifest.xml:29:13-31:52
81                android:name="androidx.lifecycle.ProcessLifecycleInitializer"
81-->[androidx.lifecycle:lifecycle-process:2.10.0] AndroidManifest.xml:30:17-78
82                android:value="androidx.startup" />
82-->[androidx.lifecycle:lifecycle-process:2.10.0] AndroidManifest.xml:31:17-49
83            <meta-data
83-->[androidx.profileinstaller:profileinstaller:1.4.0] AndroidManifest.xml:29:13-31:52
84                android:name="androidx.profileinstaller.ProfileInstallerInitializer"
84-->[androidx.profileinstaller:profileinstaller:1.4.0] AndroidManifest.xml:30:17-85
85                android:value="androidx.startup" />
85-->[androidx.profileinstaller:profileinstaller:1.4.0] AndroidManifest.xml:31:17-49
86        </provider>
87
88        <service
88-->[androidx.room:room-runtime:2.6.1] AndroidManifest.xml:24:9-28:63
89            android:name="androidx.room.MultiInstanceInvalidationService"
89-->[androidx.room:room-runtime:2.6.1] AndroidManifest.xml:25:13-74
90            android:directBootAware="true"
90-->[androidx.room:room-runtime:2.6.1] AndroidManifest.xml:26:13-43
91            android:exported="false" />
91-->[androidx.room:room-runtime:2.6.1] AndroidManifest.xml:27:13-37
92
93        <receiver
93-->[androidx.profileinstaller:profileinstaller:1.4.0] AndroidManifest.xml:34:9-52:20
94            android:name="androidx.profileinstaller.ProfileInstallReceiver"
94-->[androidx.profileinstaller:profileinstaller:1.4.0] AndroidManifest.xml:35:13-76
95            android:directBootAware="false"
95-->[androidx.profileinstaller:profileinstaller:1.4.0] AndroidManifest.xml:36:13-44
96            android:enabled="true"
96-->[androidx.profileinstaller:profileinstaller:1.4.0] AndroidManifest.xml:37:13-35
97            android:exported="true"
97-->[androidx.profileinstaller:profileinstaller:1.4.0] AndroidManifest.xml:38:13-36
98            android:permission="android.permission.DUMP" >
98-->[androidx.profileinstaller:profileinstaller:1.4.0] AndroidManifest.xml:39:13-57
99            <intent-filter>
99-->[androidx.profileinstaller:profileinstaller:1.4.0] AndroidManifest.xml:40:13-42:29
100                <action android:name="androidx.profileinstaller.action.INSTALL_PROFILE" />
100-->[androidx.profileinstaller:profileinstaller:1.4.0] AndroidManifest.xml:41:17-91
100-->[androidx.profileinstaller:profileinstaller:1.4.0] AndroidManifest.xml:41:25-88
101            </intent-filter>
102            <intent-filter>
102-->[androidx.profileinstaller:profileinstaller:1.4.0] AndroidManifest.xml:43:13-45:29
103                <action android:name="androidx.profileinstaller.action.SKIP_FILE" />
103-->[androidx.profileinstaller:profileinstaller:1.4.0] AndroidManifest.xml:44:17-85
103-->[androidx.profileinstaller:profileinstaller:1.4.0] AndroidManifest.xml:44:25-82
104            </intent-filter>
105            <intent-filter>
105-->[androidx.profileinstaller:profileinstaller:1.4.0] AndroidManifest.xml:46:13-48:29
106                <action android:name="androidx.profileinstaller.action.SAVE_PROFILE" />
106-->[androidx.profileinstaller:profileinstaller:1.4.0] AndroidManifest.xml:47:17-88
106-->[androidx.profileinstaller:profileinstaller:1.4.0] AndroidManifest.xml:47:25-85
107            </intent-filter>
108            <intent-filter>
108-->[androidx.profileinstaller:profileinstaller:1.4.0] AndroidManifest.xml:49:13-51:29
109                <action android:name="androidx.profileinstaller.action.BENCHMARK_OPERATION" />
109-->[androidx.profileinstaller:profileinstaller:1.4.0] AndroidManifest.xml:50:17-95
109-->[androidx.profileinstaller:profileinstaller:1.4.0] AndroidManifest.xml:50:25-92
110            </intent-filter>
111        </receiver>
112    </application>
113
114</manifest>